100 9 500 0.10101010101010101 10 10
55 1
87 1
34 1
58 2
52 2
59 3
72 1
1 1
39 2
38 3
84 2
56 4
88 3
8 1
81 1
61 1
20 1
21 2
75 2
41 1
93 1
32 2
82 3
31 3
44 3
62 4
86 4
48 1
63 5
69 2
19 3
16 4
91 2
65 3
51 3
4 2
92 4
9 3
30 4
80 4
78 5
57 5
23 4
13 2
46 2
35 5
18 5
12 5
53 6
74 3
15 6
70 4
3 3
76 6
95 3
29 5
64 6
22 6
47 4
49 5
67 7
40 4
66 8
89 5
5 4
94 6
14 1
28 1
96 5
98 2
36 6
2 5
90 7
6 6
71 5
77 7
68 9
50 7
11 7
73 8
54 8
0 6
60 7
37 7
42 5
43 6
45 8
25 3
99 4
27 7
26 8
97 7
83 6
85 8
79 8
17 7
33 8
7 8
24 9
10 9
