300 154 35850 0.0 239 239
221 1
82 1
296 2
91 3
265 3
2 4
5 5
134 2
253 6
98 6
294 7
147 4
171 5
62 8
36 9
280 10
3 11
127 7
84 12
282 13
196 8
263 12
293 14
204 9
274 15
292 16
233 17
103 10
200 18
85 17
214 19
266 20
42 18
22 21
162 11
33 22
247 23
187 21
230 24
44 19
71 23
138 13
250 25
273 26
101 15
45 27
124 14
17 28
92 20
299 29
244 30
287 31
7 32
121 16
167 22
258 33
79 24
269 34
298 35
181 27
81 25
182 28
55 36
189 36
125 26
224 37
39 38
1 39
158 29
225 40
213 38
227 41
169 32
106 30
100 33
87 37
26 42
275 43
23 44
193 42
75 41
264 45
18 46
43 47
277 48
63 40
72 49
270 50
113 31
248 49
283 51
14 52
235 53
34 54
240 55
271 56
115 34
0 57
279 58
201 44
197 46
155 35
286 59
223 47
154 39
210 54
20 60
93 45
31 61
149 43
170 52
107 48
110 50
257 62
165 57
64 53
249 63
28 64
190 60
70 55
104 51
160 59
199 61
144 56
284 65
76 63
21 66
185 64
37 67
179 66
129 62
168 67
112 58
183 68
131 65
136 69
285 69
198 70
120 71
49 68
216 72
41 70
251 71
241 73
229 74
259 75
262 76
32 77
95 72
231 78
255 79
126 75
252 80
256 81
74 73
172 77
4 82
12 83
208 84
140 76
137 82
13 85
260 86
133 79
288 87
159 83
153 85
57 74
164 87
15 88
108 78
291 89
245 90
11 91
236 92
46 84
118 80
40 93
61 92
47 94
150 88
156 89
6 95
83 81
207 93
205 94
234 96
94 86
25 97
222 98
267 99
48 98
51 100
238 101
16 102
35 103
188 91
143 95
202 97
194 100
9 104
58 96
254 105
203 103
268 106
59 101
239 107
65 90
215 108
209 109
130 99
242 110
174 102
19 111
166 104
114 105
135 106
191 111
86 107
141 112
132 113
99 110
206 114
246 115
38 108
220 116
297 112
50 109
10 113
66 114
77 115
217 117
117 118
173 119
96 116
24 119
157 120
69 117
128 121
151 122
212 123
148 124
218 125
80 123
89 125
161 126
111 127
295 118
109 128
53 129
281 120
119 130
67 131
78 132
177 129
163 133
90 134
122 135
272 121
102 136
139 137
116 138
184 139
123 140
186 141
228 131
278 122
105 142
232 127
261 128
30 126
219 132
289 124
211 134
145 143
54 139
29 133
226 136
152 144
73 145
142 146
180 147
97 148
68 149
175 150
52 141
27 144
290 130
237 138
192 149
178 151
176 152
60 147
195 145
243 135
276 137
8 143
146 153
88 154
56 151
